<?xml version="1.0" encoding="UTF-8"?>
<testng-results ignored="0" total="1" passed="1" failed="0" skipped="0">
  <reporter-output>
  </reporter-output>
  <suite started-at="2026-01-04T20:10:02 IST" name="Surefire suite" finished-at="2026-01-04T20:10:15 IST" duration-ms="12179">
    <groups>
    </groups>
    <test started-at="2026-01-04T20:10:02 IST" name="Surefire test" finished-at="2026-01-04T20:10:15 IST" duration-ms="12179">
      <class name="tests.AmazonTest">
        <test-method is-config="true" signature="setup()[pri:0, instance:tests.AmazonTest@2b4a2ec7]" started-at="2026-01-04T20:10:02 IST" name="setup" finished-at="2026-01-04T20:10:04 IST" duration-ms="1744" status="PASS">
          <reporter-output>
          </reporter-output>
        </test-method> <!-- setup -->
        <test-method signature="validateAmazonProductWorkflow()[pri:0, instance:tests.AmazonTest@2b4a2ec7]" started-at="2026-01-04T20:10:04 IST" name="validateAmazonProductWorkflow" finished-at="2026-01-04T20:10:14 IST" duration-ms="10129" status="PASS">
          <reporter-output>
          </reporter-output>
        </test-method> <!-- validateAmazonProductWorkflow -->
        <test-method is-config="true" signature="tearDown()[pri:0, instance:tests.AmazonTest@2b4a2ec7]" started-at="2026-01-04T20:10:14 IST" name="tearDown" finished-at="2026-01-04T20:10:15 IST" duration-ms="270" status="PASS">
          <reporter-output>
          </reporter-output>
        </test-method> <!-- tearDown -->
      </class> <!-- tests.AmazonTest -->
    </test> <!-- Surefire test -->
  </suite> <!-- Surefire suite -->
</testng-results>
